2024-09-23 20:18:46,823 [main] INFO  MyStoreV1 - url opened
2024-09-23 20:18:47,011 [main] DEBUG org.apache.poi.openxml4j.opc.PackageRelationshipCollection - Parsing relationship: /xl/_rels/workbook.xml.rels
2024-09-23 20:18:47,014 [main] DEBUG org.apache.poi.openxml4j.opc.PackageRelationshipCollection - Parsing relationship: /xl/worksheets/_rels/sheet1.xml.rels
2024-09-23 20:18:47,017 [main] DEBUG org.apache.poi.openxml4j.opc.PackageRelationshipCollection - Parsing relationship: /_rels/.rels
2024-09-23 20:18:47,685 [main] DEBUG org.apache.poi.openxml4j.opc.PackageRelationshipCollection - Parsing relationship: /xl/_rels/workbook.xml.rels
2024-09-23 20:18:47,686 [main] DEBUG org.apache.poi.openxml4j.opc.PackageRelationshipCollection - Parsing relationship: /xl/worksheets/_rels/sheet1.xml.rels
2024-09-23 20:18:47,689 [main] DEBUG org.apache.poi.openxml4j.opc.PackageRelationshipCollection - Parsing relationship: /_rels/.rels
2024-09-23 20:18:47,719 [main] DEBUG org.apache.poi.openxml4j.opc.PackageRelationshipCollection - Parsing relationship: /xl/_rels/workbook.xml.rels
2024-09-23 20:18:47,720 [main] DEBUG org.apache.poi.openxml4j.opc.PackageRelationshipCollection - Parsing relationship: /xl/worksheets/_rels/sheet1.xml.rels
2024-09-23 20:18:47,722 [main] DEBUG org.apache.poi.openxml4j.opc.PackageRelationshipCollection - Parsing relationship: /_rels/.rels
2024-09-23 20:18:47,761 [main] DEBUG org.apache.poi.openxml4j.opc.PackageRelationshipCollection - Parsing relationship: /xl/_rels/workbook.xml.rels
2024-09-23 20:18:47,763 [main] DEBUG org.apache.poi.openxml4j.opc.PackageRelationshipCollection - Parsing relationship: /xl/worksheets/_rels/sheet1.xml.rels
2024-09-23 20:18:47,764 [main] DEBUG org.apache.poi.openxml4j.opc.PackageRelationshipCollection - Parsing relationship: /_rels/.rels
2024-09-23 20:18:47,791 [main] DEBUG org.apache.poi.openxml4j.opc.PackageRelationshipCollection - Parsing relationship: /xl/_rels/workbook.xml.rels
2024-09-23 20:18:47,793 [main] DEBUG org.apache.poi.openxml4j.opc.PackageRelationshipCollection - Parsing relationship: /xl/worksheets/_rels/sheet1.xml.rels
2024-09-23 20:18:47,794 [main] DEBUG org.apache.poi.openxml4j.opc.PackageRelationshipCollection - Parsing relationship: /_rels/.rels
2024-09-23 20:18:47,818 [main] DEBUG org.apache.poi.openxml4j.opc.PackageRelationshipCollection - Parsing relationship: /xl/_rels/workbook.xml.rels
2024-09-23 20:18:47,820 [main] DEBUG org.apache.poi.openxml4j.opc.PackageRelationshipCollection - Parsing relationship: /xl/worksheets/_rels/sheet1.xml.rels
2024-09-23 20:18:47,822 [main] DEBUG org.apache.poi.openxml4j.opc.PackageRelationshipCollection - Parsing relationship: /_rels/.rels
2024-09-23 20:18:47,846 [main] DEBUG org.apache.poi.openxml4j.opc.PackageRelationshipCollection - Parsing relationship: /xl/_rels/workbook.xml.rels
2024-09-23 20:18:47,848 [main] DEBUG org.apache.poi.openxml4j.opc.PackageRelationshipCollection - Parsing relationship: /xl/worksheets/_rels/sheet1.xml.rels
2024-09-23 20:18:47,849 [main] DEBUG org.apache.poi.openxml4j.opc.PackageRelationshipCollection - Parsing relationship: /_rels/.rels
2024-09-23 20:18:47,889 [main] DEBUG org.apache.poi.openxml4j.opc.PackageRelationshipCollection - Parsing relationship: /xl/_rels/workbook.xml.rels
2024-09-23 20:18:47,891 [main] DEBUG org.apache.poi.openxml4j.opc.PackageRelationshipCollection - Parsing relationship: /xl/worksheets/_rels/sheet1.xml.rels
2024-09-23 20:18:47,893 [main] DEBUG org.apache.poi.openxml4j.opc.PackageRelationshipCollection - Parsing relationship: /_rels/.rels
2024-09-23 20:18:47,954 [main] INFO  MyStoreV1 - Verify Login test execution started....
2024-09-23 20:18:49,260 [main] INFO  MyStoreV1 - Click on Signin
2024-09-23 20:18:49,609 [main] INFO  MyStoreV1 - Entered Email and password
2024-09-23 20:18:50,835 [main] INFO  MyStoreV1 - Clicked on Signin link.
2024-09-23 20:18:50,887 [main] INFO  MyStoreV1 - Verify Login - Passed
2024-09-23 20:18:51,997 [main] INFO  MyStoreV1 - Verify Login test execution started....
2024-09-23 20:18:52,684 [main] INFO  MyStoreV1 - Click on Signin
2024-09-23 20:18:53,073 [main] INFO  MyStoreV1 - Entered Email and password
2024-09-23 20:18:53,898 [main] INFO  MyStoreV1 - Clicked on Signin link.
2024-09-23 20:18:53,938 [main] INFO  MyStoreV1 - Verify Login - Passed
2024-09-23 20:21:05,377 [main] INFO  MyStoreV1 - url opened
2024-09-23 20:21:05,589 [main] DEBUG org.apache.poi.openxml4j.opc.PackageRelationshipCollection - Parsing relationship: /xl/_rels/workbook.xml.rels
2024-09-23 20:21:05,593 [main] DEBUG org.apache.poi.openxml4j.opc.PackageRelationshipCollection - Parsing relationship: /xl/worksheets/_rels/sheet1.xml.rels
2024-09-23 20:21:05,595 [main] DEBUG org.apache.poi.openxml4j.opc.PackageRelationshipCollection - Parsing relationship: /_rels/.rels
2024-09-23 20:21:06,214 [main] DEBUG org.apache.poi.openxml4j.opc.PackageRelationshipCollection - Parsing relationship: /xl/_rels/workbook.xml.rels
2024-09-23 20:21:06,215 [main] DEBUG org.apache.poi.openxml4j.opc.PackageRelationshipCollection - Parsing relationship: /xl/worksheets/_rels/sheet1.xml.rels
2024-09-23 20:21:06,216 [main] DEBUG org.apache.poi.openxml4j.opc.PackageRelationshipCollection - Parsing relationship: /_rels/.rels
2024-09-23 20:21:06,249 [main] DEBUG org.apache.poi.openxml4j.opc.PackageRelationshipCollection - Parsing relationship: /xl/_rels/workbook.xml.rels
2024-09-23 20:21:06,250 [main] DEBUG org.apache.poi.openxml4j.opc.PackageRelationshipCollection - Parsing relationship: /xl/worksheets/_rels/sheet1.xml.rels
2024-09-23 20:21:06,251 [main] DEBUG org.apache.poi.openxml4j.opc.PackageRelationshipCollection - Parsing relationship: /_rels/.rels
2024-09-23 20:21:06,295 [main] DEBUG org.apache.poi.openxml4j.opc.PackageRelationshipCollection - Parsing relationship: /xl/_rels/workbook.xml.rels
2024-09-23 20:21:06,297 [main] DEBUG org.apache.poi.openxml4j.opc.PackageRelationshipCollection - Parsing relationship: /xl/worksheets/_rels/sheet1.xml.rels
2024-09-23 20:21:06,298 [main] DEBUG org.apache.poi.openxml4j.opc.PackageRelationshipCollection - Parsing relationship: /_rels/.rels
2024-09-23 20:21:06,327 [main] DEBUG org.apache.poi.openxml4j.opc.PackageRelationshipCollection - Parsing relationship: /xl/_rels/workbook.xml.rels
2024-09-23 20:21:06,329 [main] DEBUG org.apache.poi.openxml4j.opc.PackageRelationshipCollection - Parsing relationship: /xl/worksheets/_rels/sheet1.xml.rels
2024-09-23 20:21:06,330 [main] DEBUG org.apache.poi.openxml4j.opc.PackageRelationshipCollection - Parsing relationship: /_rels/.rels
2024-09-23 20:21:06,365 [main] DEBUG org.apache.poi.openxml4j.opc.PackageRelationshipCollection - Parsing relationship: /xl/_rels/workbook.xml.rels
2024-09-23 20:21:06,366 [main] DEBUG org.apache.poi.openxml4j.opc.PackageRelationshipCollection - Parsing relationship: /xl/worksheets/_rels/sheet1.xml.rels
2024-09-23 20:21:06,367 [main] DEBUG org.apache.poi.openxml4j.opc.PackageRelationshipCollection - Parsing relationship: /_rels/.rels
2024-09-23 20:21:06,401 [main] DEBUG org.apache.poi.openxml4j.opc.PackageRelationshipCollection - Parsing relationship: /xl/_rels/workbook.xml.rels
2024-09-23 20:21:06,402 [main] DEBUG org.apache.poi.openxml4j.opc.PackageRelationshipCollection - Parsing relationship: /xl/worksheets/_rels/sheet1.xml.rels
2024-09-23 20:21:06,406 [main] DEBUG org.apache.poi.openxml4j.opc.PackageRelationshipCollection - Parsing relationship: /_rels/.rels
2024-09-23 20:21:06,452 [main] DEBUG org.apache.poi.openxml4j.opc.PackageRelationshipCollection - Parsing relationship: /xl/_rels/workbook.xml.rels
2024-09-23 20:21:06,454 [main] DEBUG org.apache.poi.openxml4j.opc.PackageRelationshipCollection - Parsing relationship: /xl/worksheets/_rels/sheet1.xml.rels
2024-09-23 20:21:06,456 [main] DEBUG org.apache.poi.openxml4j.opc.PackageRelationshipCollection - Parsing relationship: /_rels/.rels
2024-09-23 20:21:06,529 [main] INFO  MyStoreV1 - Verify Login test execution started....
2024-09-23 20:21:07,598 [main] INFO  MyStoreV1 - Click on Signin
2024-09-23 20:21:08,063 [main] INFO  MyStoreV1 - Entered Email and password
2024-09-23 20:21:09,190 [main] INFO  MyStoreV1 - Clicked on Signin link.
2024-09-23 20:21:09,248 [main] INFO  MyStoreV1 - Verify Login - Passed
2024-09-23 20:21:10,691 [main] INFO  MyStoreV1 - Verify Login test execution started....
2024-09-23 20:21:12,480 [main] INFO  MyStoreV1 - Click on Signin
2024-09-23 20:21:12,882 [main] INFO  MyStoreV1 - Entered Email and password
2024-09-23 20:21:13,801 [main] INFO  MyStoreV1 - Clicked on Signin link.
2024-09-23 20:21:13,843 [main] INFO  MyStoreV1 - Verify Login - Passed
2024-09-23 21:02:33,763 [main] INFO  MyStoreV1 - url opened
2024-09-23 21:02:34,023 [main] DEBUG org.apache.poi.openxml4j.opc.PackageRelationshipCollection - Parsing relationship: /xl/_rels/workbook.xml.rels
2024-09-23 21:02:34,027 [main] DEBUG org.apache.poi.openxml4j.opc.PackageRelationshipCollection - Parsing relationship: /xl/worksheets/_rels/sheet1.xml.rels
2024-09-23 21:02:34,030 [main] DEBUG org.apache.poi.openxml4j.opc.PackageRelationshipCollection - Parsing relationship: /_rels/.rels
2024-09-23 21:02:34,888 [main] DEBUG org.apache.poi.openxml4j.opc.PackageRelationshipCollection - Parsing relationship: /xl/_rels/workbook.xml.rels
2024-09-23 21:02:34,889 [main] DEBUG org.apache.poi.openxml4j.opc.PackageRelationshipCollection - Parsing relationship: /xl/worksheets/_rels/sheet1.xml.rels
2024-09-23 21:02:34,891 [main] DEBUG org.apache.poi.openxml4j.opc.PackageRelationshipCollection - Parsing relationship: /_rels/.rels
2024-09-23 21:02:34,934 [main] DEBUG org.apache.poi.openxml4j.opc.PackageRelationshipCollection - Parsing relationship: /xl/_rels/workbook.xml.rels
2024-09-23 21:02:34,935 [main] DEBUG org.apache.poi.openxml4j.opc.PackageRelationshipCollection - Parsing relationship: /xl/worksheets/_rels/sheet1.xml.rels
2024-09-23 21:02:34,936 [main] DEBUG org.apache.poi.openxml4j.opc.PackageRelationshipCollection - Parsing relationship: /_rels/.rels
2024-09-23 21:02:34,985 [main] DEBUG org.apache.poi.openxml4j.opc.PackageRelationshipCollection - Parsing relationship: /xl/_rels/workbook.xml.rels
2024-09-23 21:02:34,987 [main] DEBUG org.apache.poi.openxml4j.opc.PackageRelationshipCollection - Parsing relationship: /xl/worksheets/_rels/sheet1.xml.rels
2024-09-23 21:02:34,988 [main] DEBUG org.apache.poi.openxml4j.opc.PackageRelationshipCollection - Parsing relationship: /_rels/.rels
2024-09-23 21:02:35,027 [main] DEBUG org.apache.poi.openxml4j.opc.PackageRelationshipCollection - Parsing relationship: /xl/_rels/workbook.xml.rels
2024-09-23 21:02:35,029 [main] DEBUG org.apache.poi.openxml4j.opc.PackageRelationshipCollection - Parsing relationship: /xl/worksheets/_rels/sheet1.xml.rels
2024-09-23 21:02:35,031 [main] DEBUG org.apache.poi.openxml4j.opc.PackageRelationshipCollection - Parsing relationship: /_rels/.rels
2024-09-23 21:02:35,079 [main] DEBUG org.apache.poi.openxml4j.opc.PackageRelationshipCollection - Parsing relationship: /xl/_rels/workbook.xml.rels
2024-09-23 21:02:35,081 [main] DEBUG org.apache.poi.openxml4j.opc.PackageRelationshipCollection - Parsing relationship: /xl/worksheets/_rels/sheet1.xml.rels
2024-09-23 21:02:35,083 [main] DEBUG org.apache.poi.openxml4j.opc.PackageRelationshipCollection - Parsing relationship: /_rels/.rels
2024-09-23 21:02:35,130 [main] DEBUG org.apache.poi.openxml4j.opc.PackageRelationshipCollection - Parsing relationship: /xl/_rels/workbook.xml.rels
2024-09-23 21:02:35,132 [main] DEBUG org.apache.poi.openxml4j.opc.PackageRelationshipCollection - Parsing relationship: /xl/worksheets/_rels/sheet1.xml.rels
2024-09-23 21:02:35,134 [main] DEBUG org.apache.poi.openxml4j.opc.PackageRelationshipCollection - Parsing relationship: /_rels/.rels
2024-09-23 21:02:35,164 [main] DEBUG org.apache.poi.openxml4j.opc.PackageRelationshipCollection - Parsing relationship: /xl/_rels/workbook.xml.rels
2024-09-23 21:02:35,165 [main] DEBUG org.apache.poi.openxml4j.opc.PackageRelationshipCollection - Parsing relationship: /xl/worksheets/_rels/sheet1.xml.rels
2024-09-23 21:02:35,167 [main] DEBUG org.apache.poi.openxml4j.opc.PackageRelationshipCollection - Parsing relationship: /_rels/.rels
2024-09-23 21:02:35,242 [main] INFO  MyStoreV1 - Verify Login test execution started....
2024-09-23 21:02:36,436 [main] INFO  MyStoreV1 - Click on Signin
2024-09-23 21:02:36,844 [main] INFO  MyStoreV1 - Entered Email and password
2024-09-23 21:02:37,842 [main] INFO  MyStoreV1 - Clicked on Signin link.
2024-09-23 21:02:37,911 [main] INFO  MyStoreV1 - Verify Login - Passed
2024-09-23 21:02:38,934 [main] INFO  MyStoreV1 - Verify Login test execution started....
2024-09-23 21:02:39,629 [main] INFO  MyStoreV1 - Click on Signin
2024-09-23 21:02:40,046 [main] INFO  MyStoreV1 - Entered Email and password
2024-09-23 21:02:40,867 [main] INFO  MyStoreV1 - Clicked on Signin link.
2024-09-23 21:02:40,922 [main] INFO  MyStoreV1 - Verify Login - Passed
2024-09-23 21:10:54,529 [main] INFO  MyStoreV1 - url opened
2024-09-23 21:10:54,770 [main] DEBUG org.apache.poi.openxml4j.opc.PackageRelationshipCollection - Parsing relationship: /xl/_rels/workbook.xml.rels
2024-09-23 21:10:54,776 [main] DEBUG org.apache.poi.openxml4j.opc.PackageRelationshipCollection - Parsing relationship: /xl/worksheets/_rels/sheet1.xml.rels
2024-09-23 21:10:54,779 [main] DEBUG org.apache.poi.openxml4j.opc.PackageRelationshipCollection - Parsing relationship: /_rels/.rels
2024-09-23 21:10:55,463 [main] DEBUG org.apache.poi.openxml4j.opc.PackageRelationshipCollection - Parsing relationship: /xl/_rels/workbook.xml.rels
2024-09-23 21:10:55,465 [main] DEBUG org.apache.poi.openxml4j.opc.PackageRelationshipCollection - Parsing relationship: /xl/worksheets/_rels/sheet1.xml.rels
2024-09-23 21:10:55,467 [main] DEBUG org.apache.poi.openxml4j.opc.PackageRelationshipCollection - Parsing relationship: /_rels/.rels
2024-09-23 21:10:55,501 [main] DEBUG org.apache.poi.openxml4j.opc.PackageRelationshipCollection - Parsing relationship: /xl/_rels/workbook.xml.rels
2024-09-23 21:10:55,502 [main] DEBUG org.apache.poi.openxml4j.opc.PackageRelationshipCollection - Parsing relationship: /xl/worksheets/_rels/sheet1.xml.rels
2024-09-23 21:10:55,504 [main] DEBUG org.apache.poi.openxml4j.opc.PackageRelationshipCollection - Parsing relationship: /_rels/.rels
2024-09-23 21:10:55,541 [main] DEBUG org.apache.poi.openxml4j.opc.PackageRelationshipCollection - Parsing relationship: /xl/_rels/workbook.xml.rels
2024-09-23 21:10:55,543 [main] DEBUG org.apache.poi.openxml4j.opc.PackageRelationshipCollection - Parsing relationship: /xl/worksheets/_rels/sheet1.xml.rels
2024-09-23 21:10:55,545 [main] DEBUG org.apache.poi.openxml4j.opc.PackageRelationshipCollection - Parsing relationship: /_rels/.rels
2024-09-23 21:10:55,574 [main] DEBUG org.apache.poi.openxml4j.opc.PackageRelationshipCollection - Parsing relationship: /xl/_rels/workbook.xml.rels
2024-09-23 21:10:55,576 [main] DEBUG org.apache.poi.openxml4j.opc.PackageRelationshipCollection - Parsing relationship: /xl/worksheets/_rels/sheet1.xml.rels
2024-09-23 21:10:55,578 [main] DEBUG org.apache.poi.openxml4j.opc.PackageRelationshipCollection - Parsing relationship: /_rels/.rels
2024-09-23 21:10:55,600 [main] DEBUG org.apache.poi.openxml4j.opc.PackageRelationshipCollection - Parsing relationship: /xl/_rels/workbook.xml.rels
2024-09-23 21:10:55,601 [main] DEBUG org.apache.poi.openxml4j.opc.PackageRelationshipCollection - Parsing relationship: /xl/worksheets/_rels/sheet1.xml.rels
2024-09-23 21:10:55,602 [main] DEBUG org.apache.poi.openxml4j.opc.PackageRelationshipCollection - Parsing relationship: /_rels/.rels
2024-09-23 21:10:55,632 [main] DEBUG org.apache.poi.openxml4j.opc.PackageRelationshipCollection - Parsing relationship: /xl/_rels/workbook.xml.rels
2024-09-23 21:10:55,634 [main] DEBUG org.apache.poi.openxml4j.opc.PackageRelationshipCollection - Parsing relationship: /xl/worksheets/_rels/sheet1.xml.rels
2024-09-23 21:10:55,635 [main] DEBUG org.apache.poi.openxml4j.opc.PackageRelationshipCollection - Parsing relationship: /_rels/.rels
2024-09-23 21:10:55,665 [main] DEBUG org.apache.poi.openxml4j.opc.PackageRelationshipCollection - Parsing relationship: /xl/_rels/workbook.xml.rels
2024-09-23 21:10:55,666 [main] DEBUG org.apache.poi.openxml4j.opc.PackageRelationshipCollection - Parsing relationship: /xl/worksheets/_rels/sheet1.xml.rels
2024-09-23 21:10:55,668 [main] DEBUG org.apache.poi.openxml4j.opc.PackageRelationshipCollection - Parsing relationship: /_rels/.rels
2024-09-23 21:10:55,722 [main] INFO  MyStoreV1 - Verify Login test execution started....
2024-09-23 21:10:56,725 [main] INFO  MyStoreV1 - Click on Signin
2024-09-23 21:10:57,103 [main] INFO  MyStoreV1 - Entered Email and password
2024-09-23 21:10:58,024 [main] INFO  MyStoreV1 - Clicked on Signin link.
2024-09-23 21:10:58,080 [main] INFO  MyStoreV1 - Verify Login - Passed
2024-09-23 21:10:59,090 [main] INFO  MyStoreV1 - Verify Login test execution started....
2024-09-23 21:10:59,828 [main] INFO  MyStoreV1 - Click on Signin
2024-09-23 21:11:00,331 [main] INFO  MyStoreV1 - Entered Email and password
2024-09-23 21:11:01,184 [main] INFO  MyStoreV1 - Clicked on Signin link.
2024-09-23 21:11:01,235 [main] INFO  MyStoreV1 - Verify Login - Passed
2024-09-23 21:13:01,468 [main] INFO  MyStoreV1 - url opened
2024-09-23 21:13:01,665 [main] DEBUG org.apache.poi.openxml4j.opc.PackageRelationshipCollection - Parsing relationship: /xl/_rels/workbook.xml.rels
2024-09-23 21:13:01,669 [main] DEBUG org.apache.poi.openxml4j.opc.PackageRelationshipCollection - Parsing relationship: /xl/worksheets/_rels/sheet1.xml.rels
2024-09-23 21:13:01,670 [main] DEBUG org.apache.poi.openxml4j.opc.PackageRelationshipCollection - Parsing relationship: /_rels/.rels
2024-09-23 21:13:02,172 [main] DEBUG org.apache.poi.openxml4j.opc.PackageRelationshipCollection - Parsing relationship: /xl/_rels/workbook.xml.rels
2024-09-23 21:13:02,173 [main] DEBUG org.apache.poi.openxml4j.opc.PackageRelationshipCollection - Parsing relationship: /xl/worksheets/_rels/sheet1.xml.rels
2024-09-23 21:13:02,174 [main] DEBUG org.apache.poi.openxml4j.opc.PackageRelationshipCollection - Parsing relationship: /_rels/.rels
2024-09-23 21:13:02,207 [main] DEBUG org.apache.poi.openxml4j.opc.PackageRelationshipCollection - Parsing relationship: /xl/_rels/workbook.xml.rels
2024-09-23 21:13:02,211 [main] DEBUG org.apache.poi.openxml4j.opc.PackageRelationshipCollection - Parsing relationship: /xl/worksheets/_rels/sheet1.xml.rels
2024-09-23 21:13:02,214 [main] DEBUG org.apache.poi.openxml4j.opc.PackageRelationshipCollection - Parsing relationship: /_rels/.rels
2024-09-23 21:13:02,251 [main] DEBUG org.apache.poi.openxml4j.opc.PackageRelationshipCollection - Parsing relationship: /xl/_rels/workbook.xml.rels
2024-09-23 21:13:02,252 [main] DEBUG org.apache.poi.openxml4j.opc.PackageRelationshipCollection - Parsing relationship: /xl/worksheets/_rels/sheet1.xml.rels
2024-09-23 21:13:02,253 [main] DEBUG org.apache.poi.openxml4j.opc.PackageRelationshipCollection - Parsing relationship: /_rels/.rels
2024-09-23 21:13:02,272 [main] DEBUG org.apache.poi.openxml4j.opc.PackageRelationshipCollection - Parsing relationship: /xl/_rels/workbook.xml.rels
2024-09-23 21:13:02,274 [main] DEBUG org.apache.poi.openxml4j.opc.PackageRelationshipCollection - Parsing relationship: /xl/worksheets/_rels/sheet1.xml.rels
2024-09-23 21:13:02,275 [main] DEBUG org.apache.poi.openxml4j.opc.PackageRelationshipCollection - Parsing relationship: /_rels/.rels
2024-09-23 21:13:02,298 [main] DEBUG org.apache.poi.openxml4j.opc.PackageRelationshipCollection - Parsing relationship: /xl/_rels/workbook.xml.rels
2024-09-23 21:13:02,299 [main] DEBUG org.apache.poi.openxml4j.opc.PackageRelationshipCollection - Parsing relationship: /xl/worksheets/_rels/sheet1.xml.rels
2024-09-23 21:13:02,300 [main] DEBUG org.apache.poi.openxml4j.opc.PackageRelationshipCollection - Parsing relationship: /_rels/.rels
2024-09-23 21:13:02,322 [main] DEBUG org.apache.poi.openxml4j.opc.PackageRelationshipCollection - Parsing relationship: /xl/_rels/workbook.xml.rels
2024-09-23 21:13:02,323 [main] DEBUG org.apache.poi.openxml4j.opc.PackageRelationshipCollection - Parsing relationship: /xl/worksheets/_rels/sheet1.xml.rels
2024-09-23 21:13:02,324 [main] DEBUG org.apache.poi.openxml4j.opc.PackageRelationshipCollection - Parsing relationship: /_rels/.rels
2024-09-23 21:13:02,343 [main] DEBUG org.apache.poi.openxml4j.opc.PackageRelationshipCollection - Parsing relationship: /xl/_rels/workbook.xml.rels
2024-09-23 21:13:02,344 [main] DEBUG org.apache.poi.openxml4j.opc.PackageRelationshipCollection - Parsing relationship: /xl/worksheets/_rels/sheet1.xml.rels
2024-09-23 21:13:02,345 [main] DEBUG org.apache.poi.openxml4j.opc.PackageRelationshipCollection - Parsing relationship: /_rels/.rels
2024-09-23 21:13:02,374 [main] INFO  MyStoreV1 - Verify Login test execution started....
2024-09-23 21:13:03,558 [main] INFO  MyStoreV1 - Click on Signin
2024-09-23 21:13:03,977 [main] INFO  MyStoreV1 - Entered Email and password
2024-09-23 21:13:05,434 [main] INFO  MyStoreV1 - Clicked on Signin link.
2024-09-23 21:13:05,506 [main] INFO  MyStoreV1 - Verify Login - Passed
2024-09-23 21:13:07,232 [main] INFO  MyStoreV1 - Verify Login test execution started....
2024-09-23 21:13:08,469 [main] INFO  MyStoreV1 - Click on Signin
2024-09-23 21:13:08,854 [main] INFO  MyStoreV1 - Entered Email and password
2024-09-23 21:13:10,195 [main] INFO  MyStoreV1 - Clicked on Signin link.
2024-09-23 21:13:10,232 [main] INFO  MyStoreV1 - Verify Login - Passed
2024-09-23 21:21:32,381 [main] INFO  MyStoreV1 - url opened
2024-09-23 21:21:32,639 [main] DEBUG org.apache.poi.openxml4j.opc.PackageRelationshipCollection - Parsing relationship: /xl/_rels/workbook.xml.rels
2024-09-23 21:21:32,646 [main] DEBUG org.apache.poi.openxml4j.opc.PackageRelationshipCollection - Parsing relationship: /xl/worksheets/_rels/sheet1.xml.rels
2024-09-23 21:21:32,652 [main] DEBUG org.apache.poi.openxml4j.opc.PackageRelationshipCollection - Parsing relationship: /_rels/.rels
2024-09-23 21:21:33,439 [main] DEBUG org.apache.poi.openxml4j.opc.PackageRelationshipCollection - Parsing relationship: /xl/_rels/workbook.xml.rels
2024-09-23 21:21:33,441 [main] DEBUG org.apache.poi.openxml4j.opc.PackageRelationshipCollection - Parsing relationship: /xl/worksheets/_rels/sheet1.xml.rels
2024-09-23 21:21:33,444 [main] DEBUG org.apache.poi.openxml4j.opc.PackageRelationshipCollection - Parsing relationship: /_rels/.rels
2024-09-23 21:21:33,488 [main] DEBUG org.apache.poi.openxml4j.opc.PackageRelationshipCollection - Parsing relationship: /xl/_rels/workbook.xml.rels
2024-09-23 21:21:33,491 [main] DEBUG org.apache.poi.openxml4j.opc.PackageRelationshipCollection - Parsing relationship: /xl/worksheets/_rels/sheet1.xml.rels
2024-09-23 21:21:33,493 [main] DEBUG org.apache.poi.openxml4j.opc.PackageRelationshipCollection - Parsing relationship: /_rels/.rels
2024-09-23 21:21:33,538 [main] DEBUG org.apache.poi.openxml4j.opc.PackageRelationshipCollection - Parsing relationship: /xl/_rels/workbook.xml.rels
2024-09-23 21:21:33,541 [main] DEBUG org.apache.poi.openxml4j.opc.PackageRelationshipCollection - Parsing relationship: /xl/worksheets/_rels/sheet1.xml.rels
2024-09-23 21:21:33,546 [main] DEBUG org.apache.poi.openxml4j.opc.PackageRelationshipCollection - Parsing relationship: /_rels/.rels
2024-09-23 21:21:33,589 [main] DEBUG org.apache.poi.openxml4j.opc.PackageRelationshipCollection - Parsing relationship: /xl/_rels/workbook.xml.rels
2024-09-23 21:21:33,593 [main] DEBUG org.apache.poi.openxml4j.opc.PackageRelationshipCollection - Parsing relationship: /xl/worksheets/_rels/sheet1.xml.rels
2024-09-23 21:21:33,597 [main] DEBUG org.apache.poi.openxml4j.opc.PackageRelationshipCollection - Parsing relationship: /_rels/.rels
2024-09-23 21:21:33,637 [main] DEBUG org.apache.poi.openxml4j.opc.PackageRelationshipCollection - Parsing relationship: /xl/_rels/workbook.xml.rels
2024-09-23 21:21:33,640 [main] DEBUG org.apache.poi.openxml4j.opc.PackageRelationshipCollection - Parsing relationship: /xl/worksheets/_rels/sheet1.xml.rels
2024-09-23 21:21:33,644 [main] DEBUG org.apache.poi.openxml4j.opc.PackageRelationshipCollection - Parsing relationship: /_rels/.rels
2024-09-23 21:21:33,692 [main] DEBUG org.apache.poi.openxml4j.opc.PackageRelationshipCollection - Parsing relationship: /xl/_rels/workbook.xml.rels
2024-09-23 21:21:33,695 [main] DEBUG org.apache.poi.openxml4j.opc.PackageRelationshipCollection - Parsing relationship: /xl/worksheets/_rels/sheet1.xml.rels
2024-09-23 21:21:33,698 [main] DEBUG org.apache.poi.openxml4j.opc.PackageRelationshipCollection - Parsing relationship: /_rels/.rels
2024-09-23 21:21:33,739 [main] DEBUG org.apache.poi.openxml4j.opc.PackageRelationshipCollection - Parsing relationship: /xl/_rels/workbook.xml.rels
2024-09-23 21:21:33,743 [main] DEBUG org.apache.poi.openxml4j.opc.PackageRelationshipCollection - Parsing relationship: /xl/worksheets/_rels/sheet1.xml.rels
2024-09-23 21:21:33,747 [main] DEBUG org.apache.poi.openxml4j.opc.PackageRelationshipCollection - Parsing relationship: /_rels/.rels
2024-09-23 21:21:33,801 [main] INFO  MyStoreV1 - Verify Login test execution started....
2024-09-23 21:21:34,703 [main] INFO  MyStoreV1 - Click on Signin
2024-09-23 21:21:34,925 [main] INFO  MyStoreV1 - Entered Email and password
2024-09-23 21:21:35,818 [main] INFO  MyStoreV1 - Clicked on Signin link.
2024-09-23 21:21:35,873 [main] INFO  MyStoreV1 - Verify Login - Passed
2024-09-23 21:21:36,909 [main] INFO  MyStoreV1 - Verify Login test execution started....
2024-09-23 21:21:37,565 [main] INFO  MyStoreV1 - Click on Signin
2024-09-23 21:21:37,813 [main] INFO  MyStoreV1 - Entered Email and password
2024-09-23 21:21:38,525 [main] INFO  MyStoreV1 - Clicked on Signin link.
2024-09-23 21:21:38,554 [main] INFO  MyStoreV1 - Verify Login - Passed
2024-09-23 22:26:22,563 [main] INFO  MyStoreV1 - url opened
2024-09-23 22:26:22,851 [main] DEBUG org.apache.poi.openxml4j.opc.PackageRelationshipCollection - Parsing relationship: /xl/_rels/workbook.xml.rels
2024-09-23 22:26:22,858 [main] DEBUG org.apache.poi.openxml4j.opc.PackageRelationshipCollection - Parsing relationship: /xl/worksheets/_rels/sheet1.xml.rels
2024-09-23 22:26:22,860 [main] DEBUG org.apache.poi.openxml4j.opc.PackageRelationshipCollection - Parsing relationship: /_rels/.rels
2024-09-23 22:26:23,632 [main] DEBUG org.apache.poi.openxml4j.opc.PackageRelationshipCollection - Parsing relationship: /xl/_rels/workbook.xml.rels
2024-09-23 22:26:23,635 [main] DEBUG org.apache.poi.openxml4j.opc.PackageRelationshipCollection - Parsing relationship: /xl/worksheets/_rels/sheet1.xml.rels
2024-09-23 22:26:23,638 [main] DEBUG org.apache.poi.openxml4j.opc.PackageRelationshipCollection - Parsing relationship: /_rels/.rels
2024-09-23 22:26:23,687 [main] DEBUG org.apache.poi.openxml4j.opc.PackageRelationshipCollection - Parsing relationship: /xl/_rels/workbook.xml.rels
2024-09-23 22:26:23,688 [main] DEBUG org.apache.poi.openxml4j.opc.PackageRelationshipCollection - Parsing relationship: /xl/worksheets/_rels/sheet1.xml.rels
2024-09-23 22:26:23,690 [main] DEBUG org.apache.poi.openxml4j.opc.PackageRelationshipCollection - Parsing relationship: /_rels/.rels
2024-09-23 22:26:23,750 [main] DEBUG org.apache.poi.openxml4j.opc.PackageRelationshipCollection - Parsing relationship: /xl/_rels/workbook.xml.rels
2024-09-23 22:26:23,752 [main] DEBUG org.apache.poi.openxml4j.opc.PackageRelationshipCollection - Parsing relationship: /xl/worksheets/_rels/sheet1.xml.rels
2024-09-23 22:26:23,755 [main] DEBUG org.apache.poi.openxml4j.opc.PackageRelationshipCollection - Parsing relationship: /_rels/.rels
2024-09-23 22:26:23,806 [main] DEBUG org.apache.poi.openxml4j.opc.PackageRelationshipCollection - Parsing relationship: /xl/_rels/workbook.xml.rels
2024-09-23 22:26:23,809 [main] DEBUG org.apache.poi.openxml4j.opc.PackageRelationshipCollection - Parsing relationship: /xl/worksheets/_rels/sheet1.xml.rels
2024-09-23 22:26:23,813 [main] DEBUG org.apache.poi.openxml4j.opc.PackageRelationshipCollection - Parsing relationship: /_rels/.rels
2024-09-23 22:26:23,872 [main] DEBUG org.apache.poi.openxml4j.opc.PackageRelationshipCollection - Parsing relationship: /xl/_rels/workbook.xml.rels
2024-09-23 22:26:23,873 [main] DEBUG org.apache.poi.openxml4j.opc.PackageRelationshipCollection - Parsing relationship: /xl/worksheets/_rels/sheet1.xml.rels
2024-09-23 22:26:23,874 [main] DEBUG org.apache.poi.openxml4j.opc.PackageRelationshipCollection - Parsing relationship: /_rels/.rels
2024-09-23 22:26:23,907 [main] DEBUG org.apache.poi.openxml4j.opc.PackageRelationshipCollection - Parsing relationship: /xl/_rels/workbook.xml.rels
2024-09-23 22:26:23,908 [main] DEBUG org.apache.poi.openxml4j.opc.PackageRelationshipCollection - Parsing relationship: /xl/worksheets/_rels/sheet1.xml.rels
2024-09-23 22:26:23,909 [main] DEBUG org.apache.poi.openxml4j.opc.PackageRelationshipCollection - Parsing relationship: /_rels/.rels
2024-09-23 22:26:23,943 [main] DEBUG org.apache.poi.openxml4j.opc.PackageRelationshipCollection - Parsing relationship: /xl/_rels/workbook.xml.rels
2024-09-23 22:26:23,945 [main] DEBUG org.apache.poi.openxml4j.opc.PackageRelationshipCollection - Parsing relationship: /xl/worksheets/_rels/sheet1.xml.rels
2024-09-23 22:26:23,948 [main] DEBUG org.apache.poi.openxml4j.opc.PackageRelationshipCollection - Parsing relationship: /_rels/.rels
2024-09-23 22:26:24,002 [main] INFO  MyStoreV1 - Verify Login test execution started....
2024-09-23 22:26:24,966 [main] INFO  MyStoreV1 - Click on Signin
2024-09-23 22:26:25,217 [main] INFO  MyStoreV1 - Entered Email and password
2024-09-23 22:26:26,147 [main] INFO  MyStoreV1 - Clicked on Signin link.
2024-09-23 22:26:26,189 [main] INFO  MyStoreV1 - Verify Login - Passed
2024-09-23 22:26:27,415 [main] INFO  MyStoreV1 - Verify Login test execution started....
2024-09-23 22:26:28,245 [main] INFO  MyStoreV1 - Click on Signin
2024-09-23 22:26:28,519 [main] INFO  MyStoreV1 - Entered Email and password
2024-09-23 22:26:29,583 [main] INFO  MyStoreV1 - Clicked on Signin link.
2024-09-23 22:26:29,619 [main] INFO  MyStoreV1 - Verify Login - Passed
2024-09-23 22:26:45,853 [main] INFO  MyStoreV1 - url opened
2024-09-23 22:26:46,051 [main] DEBUG org.apache.poi.openxml4j.opc.PackageRelationshipCollection - Parsing relationship: /xl/_rels/workbook.xml.rels
2024-09-23 22:26:46,056 [main] DEBUG org.apache.poi.openxml4j.opc.PackageRelationshipCollection - Parsing relationship: /xl/worksheets/_rels/sheet1.xml.rels
2024-09-23 22:26:46,059 [main] DEBUG org.apache.poi.openxml4j.opc.PackageRelationshipCollection - Parsing relationship: /_rels/.rels
2024-09-23 22:26:46,653 [main] DEBUG org.apache.poi.openxml4j.opc.PackageRelationshipCollection - Parsing relationship: /xl/_rels/workbook.xml.rels
2024-09-23 22:26:46,655 [main] DEBUG org.apache.poi.openxml4j.opc.PackageRelationshipCollection - Parsing relationship: /xl/worksheets/_rels/sheet1.xml.rels
2024-09-23 22:26:46,657 [main] DEBUG org.apache.poi.openxml4j.opc.PackageRelationshipCollection - Parsing relationship: /_rels/.rels
2024-09-23 22:26:46,685 [main] DEBUG org.apache.poi.openxml4j.opc.PackageRelationshipCollection - Parsing relationship: /xl/_rels/workbook.xml.rels
2024-09-23 22:26:46,687 [main] DEBUG org.apache.poi.openxml4j.opc.PackageRelationshipCollection - Parsing relationship: /xl/worksheets/_rels/sheet1.xml.rels
2024-09-23 22:26:46,689 [main] DEBUG org.apache.poi.openxml4j.opc.PackageRelationshipCollection - Parsing relationship: /_rels/.rels
2024-09-23 22:26:46,726 [main] DEBUG org.apache.poi.openxml4j.opc.PackageRelationshipCollection - Parsing relationship: /xl/_rels/workbook.xml.rels
2024-09-23 22:26:46,727 [main] DEBUG org.apache.poi.openxml4j.opc.PackageRelationshipCollection - Parsing relationship: /xl/worksheets/_rels/sheet1.xml.rels
2024-09-23 22:26:46,728 [main] DEBUG org.apache.poi.openxml4j.opc.PackageRelationshipCollection - Parsing relationship: /_rels/.rels
2024-09-23 22:26:46,768 [main] DEBUG org.apache.poi.openxml4j.opc.PackageRelationshipCollection - Parsing relationship: /xl/_rels/workbook.xml.rels
2024-09-23 22:26:46,769 [main] DEBUG org.apache.poi.openxml4j.opc.PackageRelationshipCollection - Parsing relationship: /xl/worksheets/_rels/sheet1.xml.rels
2024-09-23 22:26:46,770 [main] DEBUG org.apache.poi.openxml4j.opc.PackageRelationshipCollection - Parsing relationship: /_rels/.rels
2024-09-23 22:26:46,793 [main] DEBUG org.apache.poi.openxml4j.opc.PackageRelationshipCollection - Parsing relationship: /xl/_rels/workbook.xml.rels
2024-09-23 22:26:46,794 [main] DEBUG org.apache.poi.openxml4j.opc.PackageRelationshipCollection - Parsing relationship: /xl/worksheets/_rels/sheet1.xml.rels
2024-09-23 22:26:46,795 [main] DEBUG org.apache.poi.openxml4j.opc.PackageRelationshipCollection - Parsing relationship: /_rels/.rels
2024-09-23 22:26:46,811 [main] DEBUG org.apache.poi.openxml4j.opc.PackageRelationshipCollection - Parsing relationship: /xl/_rels/workbook.xml.rels
2024-09-23 22:26:46,812 [main] DEBUG org.apache.poi.openxml4j.opc.PackageRelationshipCollection - Parsing relationship: /xl/worksheets/_rels/sheet1.xml.rels
2024-09-23 22:26:46,813 [main] DEBUG org.apache.poi.openxml4j.opc.PackageRelationshipCollection - Parsing relationship: /_rels/.rels
2024-09-23 22:26:46,836 [main] DEBUG org.apache.poi.openxml4j.opc.PackageRelationshipCollection - Parsing relationship: /xl/_rels/workbook.xml.rels
2024-09-23 22:26:46,838 [main] DEBUG org.apache.poi.openxml4j.opc.PackageRelationshipCollection - Parsing relationship: /xl/worksheets/_rels/sheet1.xml.rels
2024-09-23 22:26:46,839 [main] DEBUG org.apache.poi.openxml4j.opc.PackageRelationshipCollection - Parsing relationship: /_rels/.rels
2024-09-23 22:26:46,872 [main] INFO  MyStoreV1 - Verify Login test execution started....
2024-09-23 22:26:47,906 [main] INFO  MyStoreV1 - Click on Signin
2024-09-23 22:26:48,150 [main] INFO  MyStoreV1 - Entered Email and password
2024-09-23 22:26:49,019 [main] INFO  MyStoreV1 - Clicked on Signin link.
2024-09-23 22:26:49,063 [main] INFO  MyStoreV1 - Verify Login - Passed
2024-09-23 22:26:50,093 [main] INFO  MyStoreV1 - Verify Login test execution started....
2024-09-23 22:26:50,863 [main] INFO  MyStoreV1 - Click on Signin
2024-09-23 22:26:51,099 [main] INFO  MyStoreV1 - Entered Email and password
2024-09-23 22:26:51,902 [main] INFO  MyStoreV1 - Clicked on Signin link.
2024-09-23 22:26:51,943 [main] INFO  MyStoreV1 - Verify Login - Passed
